<?xml version="1.0" encoding="UTF-8"?>
<!-- Generated by org.testng.reporters.JUnitReportReporter -->
<testsuite hostname="LAPTOP-IUJM3SDJ" failures="0" tests="5" name="com.qa.opencart.testcase.HomePageTest" time="17.903" errors="0" timestamp="2023-11-16T15:54:09 IST" skipped="0">
  <testcase classname="com.qa.opencart.testcase.HomePageTest" name="verifyOpenCartTest" time="0.179"/>
  <testcase classname="com.qa.opencart.testcase.HomePageTest" name="verifyOpenCartTitle" time="0.050"/>
  <testcase classname="com.qa.opencart.testcase.HomePageTest" name="verifyTheFeatureCountTest" time="0.058"/>
  <testcase classname="com.qa.opencart.testcase.HomePageTest" name="navigateToRegisterLinkTest" time="8.215"/>
  <testcase classname="com.qa.opencart.testcase.HomePageTest" name="navigateToLoginLinkTest" time="9.401"/>
</testsuite> <!-- com.qa.opencart.testcase.HomePageTest -->
