<?xml version="1.0" encoding="UTF-8"?>
<!-- Generated by org.testng.reporters.JUnitReportReporter -->
<testsuite hostname="LAPTOP-IUJM3SDJ" failures="0" tests="8" name="com.qa.opencart.testcase.LoginPageTest" time="32.947" errors="0" timestamp="2023-11-16T16:02:16 IST" skipped="0">
  <testcase classname="com.qa.opencart.testcase.LoginPageTest" name="verifyLoginUrl" time="0.128"/>
  <testcase classname="com.qa.opencart.testcase.LoginPageTest" name="verifyLoginPageTitle" time="0.032"/>
  <testcase classname="com.qa.opencart.testcase.LoginPageTest" name="verifyLoginPageElementTest" time="0.182"/>
  <testcase classname="com.qa.opencart.testcase.LoginPageTest" name="navigateToRegistrationPageTest" time="3.991"/>
  <testcase classname="com.qa.opencart.testcase.LoginPageTest" name="navigateToForgetPasswordPageTest" time="7.279"/>
  <testcase classname="com.qa.opencart.testcase.LoginPageTest" name="emptyCredentialsLoginTest" time="7.665"/>
  <testcase classname="com.qa.opencart.testcase.LoginPageTest" name="doLoginOperation" time="7.734"/>
  <testcase classname="com.qa.opencart.testcase.LoginPageTest" name="logoutTest" time="5.936"/>
</testsuite> <!-- com.qa.opencart.testcase.LoginPageTest -->
